::1 - - [02/Dec/2023:17:05:30 +0000] "GET / HTTP/1.1" - -
::1 - - [02/Dec/2023:17:05:30 +0000] "GET /movie HTTP/1.1" - -
::1 - - [02/Dec/2023:17:05:30 +0000] "GET /login.html HTTP/1.1" - -
::1 - - [02/Dec/2023:17:05:31 +0000] "GET /favicon.ico HTTP/1.1" - -
::1 - - [02/Dec/2023:17:05:43 +0000] "POST /login HTTP/1.1" - -
::1 - - [02/Dec/2023:17:05:43 +0000] "GET /login.html HTTP/1.1" - -
::1 - - [02/Dec/2023:17:05:49 +0000] "POST /login HTTP/1.1" - -
::1 - - [02/Dec/2023:17:05:49 +0000] "GET / HTTP/1.1" - -
::1 - - [02/Dec/2023:17:05:49 +0000] "GET /movie HTTP/1.1" - -
::1 - - [02/Dec/2023:17:05:50 +0000] "GET /style.css HTTP/1.1" - -
::1 - - [02/Dec/2023:17:09:01 +0000] "GET /movie HTTP/1.1" - -
::1 - - [02/Dec/2023:17:09:01 +0000] "GET /login.html HTTP/1.1" - -
::1 - - [02/Dec/2023:17:09:06 +0000] "POST /login HTTP/1.1" - -
::1 - - [02/Dec/2023:17:09:06 +0000] "GET / HTTP/1.1" - -
::1 - - [02/Dec/2023:17:09:06 +0000] "GET /movie HTTP/1.1" - -
::1 - - [02/Dec/2023:17:09:06 +0000] "GET /style.css HTTP/1.1" - -
::1 - - [02/Dec/2023:17:09:12 +0000] "GET /style.css HTTP/1.1" - -
::1 - - [02/Dec/2023:17:10:51 +0000] "GET /movie HTTP/1.1" - -
::1 - - [02/Dec/2023:17:10:51 +0000] "GET /style.css HTTP/1.1" - -
::1 - - [02/Dec/2023:17:11:27 +0000] "GET /movie HTTP/1.1" - -
::1 - - [02/Dec/2023:17:11:28 +0000] "GET /login.html HTTP/1.1" - -
::1 - - [02/Dec/2023:17:11:38 +0000] "POST /login HTTP/1.1" - -
::1 - - [02/Dec/2023:17:11:38 +0000] "GET / HTTP/1.1" - -
::1 - - [02/Dec/2023:17:11:38 +0000] "GET /movie HTTP/1.1" - -
::1 - - [02/Dec/2023:17:11:38 +0000] "GET /style.css HTTP/1.1" - -
::1 - - [02/Dec/2023:17:11:40 +0000] "GET /movie HTTP/1.1" - -
::1 - - [02/Dec/2023:17:11:40 +0000] "GET /style.css HTTP/1.1" - -
::1 - - [02/Dec/2023:17:11:43 +0000] "GET /movie HTTP/1.1" - -
::1 - - [02/Dec/2023:17:11:43 +0000] "GET /style.css HTTP/1.1" - -
::1 - - [02/Dec/2023:17:11:47 +0000] "GET / HTTP/1.1" - -
::1 - - [02/Dec/2023:17:11:47 +0000] "GET /movie HTTP/1.1" - -
::1 - - [02/Dec/2023:17:11:47 +0000] "GET /style.css HTTP/1.1" - -
::ffff:127.0.0.1 - - [02/Dec/2023:17:12:26 +0000] "GET / HTTP/1.1" - -
::ffff:127.0.0.1 - - [02/Dec/2023:17:12:26 +0000] "GET /movie HTTP/1.1" - -
::ffff:127.0.0.1 - - [02/Dec/2023:17:12:26 +0000] "GET /style.css HTTP/1.1" - -
::1 - - [02/Dec/2023:17:21:19 +0000] "GET /movie HTTP/1.1" - -
::1 - - [02/Dec/2023:17:21:45 +0000] "GET /movie HTTP/1.1" - -
::1 - - [02/Dec/2023:17:21:48 +0000] "GET /movie HTTP/1.1" - -
::1 - - [02/Dec/2023:17:21:52 +0000] "GET /movie HTTP/1.1" - -
::1 - - [02/Dec/2023:17:21:52 +0000] "GET /login.html HTTP/1.1" - -
::1 - - [02/Dec/2023:17:22:11 +0000] "GET /login.html HTTP/1.1" - -
::1 - - [02/Dec/2023:17:22:12 +0000] "GET /login.html HTTP/1.1" - -
::1 - - [02/Dec/2023:17:22:24 +0000] "GET /movie HTTP/1.1" - -
::1 - - [02/Dec/2023:17:22:27 +0000] "GET /movie HTTP/1.1" - -
::1 - - [02/Dec/2023:17:22:28 +0000] "GET /movie HTTP/1.1" - -
::ffff:127.0.0.1 - - [02/Dec/2023:17:22:45 +0000] "GET /movie HTTP/1.1" - -
::1 - - [02/Dec/2023:17:22:50 +0000] "GET / HTTP/1.1" - -
::1 - - [02/Dec/2023:17:22:50 +0000] "GET /movie HTTP/1.1" - -
::1 - - [02/Dec/2023:17:24:18 +0000] "GET /movie HTTP/1.1" - -
::1 - - [02/Dec/2023:17:24:19 +0000] "GET /movie HTTP/1.1" - -
::1 - - [02/Dec/2023:17:24:19 +0000] "GET /movie HTTP/1.1" - -
::1 - - [02/Dec/2023:17:24:19 +0000] "GET /movie HTTP/1.1" - -
::1 - - [02/Dec/2023:17:24:20 +0000] "GET /movie HTTP/1.1" - -
::1 - - [02/Dec/2023:17:24:34 +0000] "GET /movie HTTP/1.1" - -
::1 - - [02/Dec/2023:17:24:34 +0000] "GET /login.html HTTP/1.1" - -
::1 - - [02/Dec/2023:17:33:02 +0000] "GET /login.html HTTP/1.1" - -
::1 - - [02/Dec/2023:17:33:05 +0000] "GET /movie HTTP/1.1" - -
::ffff:127.0.0.1 - - [02/Dec/2023:17:33:18 +0000] "GET /movie HTTP/1.1" - -
::1 - - [02/Dec/2023:17:33:29 +0000] "GET /movie HTTP/1.1" - -
::1 - - [02/Dec/2023:17:33:40 +0000] "GET /movie HTTP/1.1" - -
::1 - - [02/Dec/2023:17:34:04 +0000] "GET /movie HTTP/1.1" - -
::1 - - [02/Dec/2023:17:42:08 +0000] "GET /movie HTTP/1.1" - -
::1 - - [02/Dec/2023:17:42:23 +0000] "GET /movie/ HTTP/1.1" - -
::1 - - [02/Dec/2023:17:47:19 +0000] "GET /movie/1 HTTP/1.1" - -
::1 - - [02/Dec/2023:17:48:09 +0000] "GET /movie/1 HTTP/1.1" - -
::1 - - [02/Dec/2023:17:48:43 +0000] "GET /1 HTTP/1.1" - -
::1 - - [02/Dec/2023:17:48:44 +0000] "GET /1 HTTP/1.1" - -
::1 - - [02/Dec/2023:17:48:50 +0000] "GET /movie/1 HTTP/1.1" - -
::1 - - [02/Dec/2023:17:48:57 +0000] "GET /movie/:1 HTTP/1.1" - -
::1 - - [02/Dec/2023:17:49:17 +0000] "GET /movie/1 HTTP/1.1" - -
::1 - - [02/Dec/2023:17:49:27 +0000] "GET /movie/6 HTTP/1.1" - -
::1 - - [02/Dec/2023:17:49:35 +0000] "GET /movie/6 HTTP/1.1" - -
::1 - - [02/Dec/2023:17:53:32 +0000] "GET /movie/1 HTTP/1.1" - -
::1 - - [02/Dec/2023:17:53:44 +0000] "GET /movie/6 HTTP/1.1" - -
::1 - - [02/Dec/2023:17:54:32 +0000] "GET /movie/1 HTTP/1.1" - -
::1 - - [02/Dec/2023:17:54:48 +0000] "GET /movie/1 HTTP/1.1" - -
::1 - - [02/Dec/2023:17:54:59 +0000] "GET /movie/1 HTTP/1.1" - -
::1 - - [02/Dec/2023:17:56:33 +0000] "GET /movie/1 HTTP/1.1" - -
::1 - - [02/Dec/2023:17:56:36 +0000] "GET /movie/6 HTTP/1.1" - -
::1 - - [02/Dec/2023:18:10:59 +0000] "GET /movie?sort=asc HTTP/1.1" - -
::1 - - [02/Dec/2023:18:12:18 +0000] "GET /movie?sort=asc HTTP/1.1" - -
::1 - - [02/Dec/2023:18:12:32 +0000] "GET /movie?sort=desc HTTP/1.1" - -
::1 - - [02/Dec/2023:18:13:17 +0000] "GET /movie/?sort=asc HTTP/1.1" - -
::1 - - [02/Dec/2023:18:13:47 +0000] "GET /movie/?sort=asc HTTP/1.1" - -
::1 - - [02/Dec/2023:18:15:01 +0000] "GET /movie/?sort=asc HTTP/1.1" - -
::1 - - [02/Dec/2023:18:15:07 +0000] "GET /movie/?sort=asc HTTP/1.1" - -
::1 - - [02/Dec/2023:18:22:32 +0000] "GET /movie/?sort=asc HTTP/1.1" - -
::1 - - [02/Dec/2023:18:23:06 +0000] "GET /movie/?sort=asc HTTP/1.1" - -
::1 - - [02/Dec/2023:18:23:11 +0000] "GET /movie/?sort=asc HTTP/1.1" - -
::1 - - [02/Dec/2023:18:23:57 +0000] "GET /movie/?sort=asc HTTP/1.1" - -
::1 - - [02/Dec/2023:18:24:02 +0000] "GET /movie/?sort=asc HTTP/1.1" - -
::1 - - [02/Dec/2023:18:24:06 +0000] "GET /movie/?sort=asc HTTP/1.1" - -
::1 - - [02/Dec/2023:18:26:31 +0000] "GET /movie/?sort=asc HTTP/1.1" - -
::1 - - [02/Dec/2023:18:26:40 +0000] "GET /movie/?sort=asc HTTP/1.1" - -
::1 - - [02/Dec/2023:18:26:48 +0000] "GET /movie/?sort=asc HTTP/1.1" - -
::1 - - [02/Dec/2023:18:34:44 +0000] "GET /movie/6 HTTP/1.1" - -
::1 - - [02/Dec/2023:18:41:13 +0000] "POST /movie/new HTTP/1.1" - -
::1 - - [02/Dec/2023:18:41:41 +0000] "POST /movie/new HTTP/1.1" - -
::1 - - [02/Dec/2023:18:42:23 +0000] "POST /movie/new HTTP/1.1" - -
::1 - - [02/Dec/2023:18:42:26 +0000] "POST /movie/new HTTP/1.1" - -
::1 - - [02/Dec/2023:18:42:47 +0000] "POST /movie/new HTTP/1.1" - -
::1 - - [02/Dec/2023:18:42:58 +0000] "GET /movie HTTP/1.1" - -
::1 - - [02/Dec/2023:18:43:35 +0000] "POST /movie/new HTTP/1.1" - -
::1 - - [02/Dec/2023:18:43:46 +0000] "POST /movie/new HTTP/1.1" - -
::1 - - [02/Dec/2023:18:44:19 +0000] "POST /movie/new HTTP/1.1" - -
::1 - - [02/Dec/2023:18:44:26 +0000] "POST /movie/new HTTP/1.1" - -
::1 - - [02/Dec/2023:18:44:41 +0000] "POST /movie/new HTTP/1.1" - -
::1 - - [02/Dec/2023:18:44:54 +0000] "POST /movie/new HTTP/1.1" - -
::1 - - [02/Dec/2023:18:45:19 +0000] "POST /movie/new HTTP/1.1" - -
::1 - - [02/Dec/2023:18:49:11 +0000] "POST /movie/new HTTP/1.1" - -
::1 - - [02/Dec/2023:18:50:38 +0000] "POST /movie/new HTTP/1.1" - -
::1 - - [02/Dec/2023:18:52:13 +0000] "POST /movie/new HTTP/1.1" - -
::1 - - [02/Dec/2023:18:52:53 +0000] "POST /movie/new HTTP/1.1" - -
::1 - - [02/Dec/2023:18:53:50 +0000] "POST /movie/new HTTP/1.1" - -
::1 - - [03/Dec/2023:08:17:03 +0000] "GET / HTTP/1.1" - -
::1 - - [03/Dec/2023:08:17:03 +0000] "GET /movie HTTP/1.1" - -
::1 - - [03/Dec/2023:08:17:04 +0000] "GET /favicon.ico HTTP/1.1" - -
::1 - - [03/Dec/2023:08:17:07 +0000] "GET /movie HTTP/1.1" - -
::1 - - [03/Dec/2023:08:17:42 +0000] "GET /movie HTTP/1.1" - -
::1 - - [03/Dec/2023:08:23:58 +0000] "GET /movie HTTP/1.1" - -
::1 - - [03/Dec/2023:08:24:15 +0000] "GET /movie HTTP/1.1" - -
::1 - - [03/Dec/2023:08:26:44 +0000] "PUT /movie/update/13 HTTP/1.1" - -
::1 - - [03/Dec/2023:08:27:04 +0000] "PUT /movie/update/13 HTTP/1.1" - -
::1 - - [03/Dec/2023:08:27:37 +0000] "PUT /movie/update/13 HTTP/1.1" - -
::1 - - [03/Dec/2023:08:27:42 +0000] "PUT /movie/update/13 HTTP/1.1" - -
::1 - - [03/Dec/2023:08:28:21 +0000] "PUT /movie/update/13 HTTP/1.1" - -
::1 - - [03/Dec/2023:08:28:50 +0000] "PUT /movie/update/13 HTTP/1.1" - -
::1 - - [03/Dec/2023:08:29:11 +0000] "PUT /movie/update/13 HTTP/1.1" - -
::1 - - [03/Dec/2023:08:34:10 +0000] "DELETE /movie/delete/15 HTTP/1.1" - -
::1 - - [03/Dec/2023:08:34:47 +0000] "DELETE /movie/delete/15 HTTP/1.1" - -
::1 - - [03/Dec/2023:08:35:27 +0000] "DELETE /movie/delete/15 HTTP/1.1" - -
::1 - - [03/Dec/2023:08:35:33 +0000] "DELETE /movie/delete/1 HTTP/1.1" - -
::1 - - [03/Dec/2023:08:36:00 +0000] "DELETE /movie/delete/1 HTTP/1.1" - -
::1 - - [03/Dec/2023:08:36:04 +0000] "DELETE /movie/delete/1 HTTP/1.1" - -
::1 - - [03/Dec/2023:08:36:24 +0000] "DELETE /movie/delete/204 HTTP/1.1" - -
::1 - - [03/Dec/2023:08:37:46 +0000] "DELETE /movie/delete/204 HTTP/1.1" - -
::1 - - [03/Dec/2023:08:38:20 +0000] "DELETE /movie/delete/1 HTTP/1.1" - -
::1 - - [03/Dec/2023:08:38:23 +0000] "DELETE /movie/delete/12 HTTP/1.1" - -
::1 - - [03/Dec/2023:08:38:25 +0000] "DELETE /movie/delete/12 HTTP/1.1" - -
::1 - - [03/Dec/2023:08:38:31 +0000] "GET /movie HTTP/1.1" - -
::1 - - [03/Dec/2023:08:38:43 +0000] "DELETE /movie/delete/16 HTTP/1.1" - -
::1 - - [03/Dec/2023:08:38:45 +0000] "GET /movie HTTP/1.1" - -
